<?xml version="1.0" encoding="utf-8"?><testsuites name="pytest tests"><testsuite name="pytest" errors="0" failures="1" skipped="0" tests="30" time="9.564" timestamp="2026-09-01T18:19:46.217014+00:00" hostname="agent-env-22cd1903-bf83-429b-be43-d33ac8f71ec6"><testcase classname="tests.backend_test.TestAuth" name="test_admin_login" time="0.770" /><testcase classname="tests.backend_test.TestConversations" name="test_list_conversations_seeded" time="0.779" /><testcase classname="tests.backend_test.TestAuth" name="test_bad_login" time="0.422" /><testcase classname="tests.backend_test.TestConversations" name="test_get_conversation_clears_unread" time="0.389"><failure message="assert 1 == 0">backend/tests/backend_test.py:164: in test_get_conversation_clears_unread
    assert data["conversation"]["unread"] == 0
E   assert 1 == 0</failure></testcase><testcase classname="tests.backend_test.TestConversations" name="test_send_message" time="0.629" /><testcase classname="tests.backend_test.TestAuth" name="test_me" time="0.483" /><testcase classname="tests.backend_test.TestAuth" name="test_unauthenticated" time="0.170" /><testcase classname="tests.backend_test.TestConversations" name="test_simulate_incoming_triggers_bot" time="0.816" /><testcase classname="tests.backend_test.TestAuth" name="test_register_and_login" time="0.944" /><testcase classname="tests.backend_test.TestConversations" name="test_toggle_bot" time="0.450" /><testcase classname="tests.backend_test.TestAuth" name="test_forgot_password_generic" time="0.170" /><testcase classname="tests.backend_test.TestConversations" name="test_assign_agent" time="0.755" /><testcase classname="tests.backend_test.TestAuth" name="test_role_gating_admin_only_endpoint" time="0.459" /><testcase classname="tests.backend_test.TestAgents" name="test_list_agents" time="0.123" /><testcase classname="tests.backend_test.TestAgents" name="test_create_and_delete_agent" time="2.399" /><testcase classname="tests.backend_test.TestConversations" name="test_ai_suggest" time="3.665" /><testcase classname="tests.backend_test.TestAgents" name="test_attendant_cannot_create_agent" time="0.078" /><testcase classname="tests.backend_test.TestCalls" name="test_list_seeded" time="0.098" /><testcase classname="tests.backend_test.TestCalls" name="test_create_call_no_recording" time="0.293" /><testcase classname="tests.backend_test.TestCalls" name="test_create_call_with_recording" time="0.275" /><testcase classname="tests.backend_test.TestContacts" name="test_list_contacts_seeded" time="0.128" /><testcase classname="tests.backend_test.TestContacts" name="test_crud_contact" time="0.385" /><testcase classname="tests.backend_test.TestTemplates" name="test_list_templates_seeded" time="0.123" /><testcase classname="tests.backend_test.TestTemplates" name="test_crud_template" time="0.277" /><testcase classname="tests.backend_test.TestAutomations" name="test_list_seeded" time="0.153" /><testcase classname="tests.backend_test.TestSettings" name="test_bot_settings" time="0.188" /><testcase classname="tests.backend_test.TestAutomations" name="test_crud" time="0.665" /><testcase classname="tests.backend_test.TestSettings" name="test_whatsapp_settings" time="0.222" /><testcase classname="tests.backend_test.TestDashboard" name="test_stats" time="0.098" /><testcase classname="tests.backend_test.TestAutomations" name="test_attendant_forbidden" time="0.538" /></testsuite></testsuites>